<?xml version="1.0" encoding="UTF-8"?>
<!-- Generated by org.testng.reporters.JUnitReportReporter -->
<testsuite hostname="PC94451" name="com.crm.qa.testcases.LoginPageTest" tests="3" failures="0" timestamp="16 Jan 2019 13:27:06 GMT" time="83.666" errors="0">
  <testcase name="loginTest" time="40.815" classname="com.crm.qa.testcases.LoginPageTest"/>
  <testcase name="crmLogoImageTest" time="21.025" classname="com.crm.qa.testcases.LoginPageTest"/>
  <testcase name="loginPageTitleTest" time="21.826" classname="com.crm.qa.testcases.LoginPageTest"/>
</testsuite> <!-- com.crm.qa.testcases.LoginPageTest -->
