<?xml version="1.0" encoding="UTF-8"?>
<!-- Generated by org.testng.reporters.JUnitReportReporter -->
<testsuite hostname="PC94451" name="com.crm.qa.testcases.HomePageTest" tests="3" failures="0" timestamp="16 Jan 2019 13:27:06 GMT" time="89.892" errors="0">
  <testcase name="verifyHomePageTitleTest" time="30.323" classname="com.crm.qa.testcases.HomePageTest"/>
  <testcase name="verifyCorrectUserNameTest" time="28.713" classname="com.crm.qa.testcases.HomePageTest"/>
  <testcase name="verifyContactsLinkTest" time="30.856" classname="com.crm.qa.testcases.HomePageTest"/>
</testsuite> <!-- com.crm.qa.testcases.HomePageTest -->
